2024-05-01 17:13:41 - Client login: m.savic78@gmail.com (IP: None)
2024-05-01 17:35:00 - Client login: m.savic78@gmail.com (IP: None)
2024-05-01 17:36:53 - Client login: admin@ddd.s (IP: None)
2024-05-01 17:47:10 - Client login: m.savic78@gmail.com (IP: None)
2024-05-01 17:48:01 - Client login: m.@m.b (IP: None)
2024-05-01 17:56:59 - Client login: m.savic78@gmail.com (IP: None)
2024-05-01 18:03:31 - Client login: m.savic78@gmail.com (IP: None)
2024-05-01 18:11:58 - Client login: m.savic78@gmail.com (IP: None)
2024-05-01 18:13:05 - Client login: m.savic78@gmail.com (IP: None)
2024-05-01 18:13:45 - Client login: m.savic78@gmail.com (IP: None)
2024-05-01 18:15:18 - Client login: m.savic78@gmail.com (IP: None)
2024-05-01 18:17:00 - Client login: m.savic78@gmail.com (IP: None)
2024-05-01 18:18:35 - Client login: m.savic78@gmail.com (IP: None)
2024-05-01 18:19:59 - Client login: m.savic78@gmail.com (IP: None)
2024-05-01 18:23:12 - Client login: m.savic78@gmail.com (IP: None)
2024-05-01 18:24:19 - Client login: m.savic78@gmail.com (IP: None)
2024-05-01 18:25:00 - Client login: m.savic78@gmail.com (IP: None)
2024-05-01 18:26:15 - Client login: m.savic78@gmail.com (IP: None)
2024-05-01 18:30:20 - Client login: m.savic78@gmail.com (IP: None)
2024-05-02 11:10:44 - Client login: m.savic78@gmail.com (IP: None)
2024-05-02 11:20:54 - Client login: m.savic78@gmail.com (IP: None)
2024-05-02 11:29:17 - Client login: m.savic78@gmail.com (IP: None)
2024-05-03 14:06:05 - Client login: m_savic78@hotmail.com (IP: None)
2024-05-03 14:09:48 - Client login: m.savic78@gmail.com (IP: None)
2024-05-03 14:13:23 - Client login: m.savic78@gmail.com (IP: None)
2024-05-03 14:14:34 - Client login: m.savic78@gmail.com (IP: None)
2024-05-03 14:17:25 - Client login: m.savic78@gmail.com (IP: None)
2024-05-03 14:20:21 - Client login: m.savic78@gmail.com (IP: None)
2024-05-03 14:23:33 - Client login: m.savic78@gmail.com (IP: None)
2024-05-03 14:28:09 - Client login: m.savic78@gmail.com (IP: None)
2024-05-03 14:33:45 - Client login: m.savic78@gmail.com (IP: None)
2024-05-03 14:37:14 - Client login: m.savic78@gmail.com (IP: None)
2024-05-03 14:38:25 - Client login: m.savic78@gmail.com (IP: None)
2024-05-03 14:45:02 - Client login: m.savic78@gmail.com (IP: None)
2024-05-03 14:47:55 - Client login: m.savic78@gmail.com (IP: None)
2024-05-03 14:53:10 - Client login: m.savic78@gmail.com (IP: None)
2024-05-03 14:54:41 - Client login: m.savic78@gmail.com (IP: None)
2024-05-03 14:56:15 - Client login: m.savic78@gmail.com (IP: None)
2024-05-03 15:06:31 - Client login: m.savic78@gmail.com (IP: None)
2024-05-03 15:08:37 - Client login: m.savic78@gmail.com (IP: None)
2024-05-03 15:10:27 - Client login: m.savic78@gmail.com (IP: None)
2024-05-03 15:11:10 - Client login: m.savic78@gmail.com (IP: None)
2024-05-03 15:12:22 - Client login: m.savic78@gmail.com (IP: None)
2024-05-03 15:18:02 - Client login: m.savic78@gmail.com (IP: None)
2024-05-03 15:20:41 - Client login: m.savic78@gmail.com (IP: None)
2024-05-03 15:28:20 - Client login: m.savic78@gmail.com (IP: None)
2024-05-03 15:28:37 - Client login: m.savic78@gmail.com (IP: None)
2024-05-03 15:29:30 - Client login: m.savic78@gmail.com (IP: None)
2024-05-03 15:40:47 - Client login: m.savic78@gmail.com (IP: None)
2024-05-03 15:41:49 - Client login: m.savic78@gmail.com (IP: None)
2024-05-03 15:44:41 - Client login: m.savic78@gmail.com (IP: None)
2024-05-03 15:45:54 - Client login: m.savic78@gmail.com (IP: None)
2024-05-03 15:56:50 - Client login: m.savic78@gmail.com (IP: None)
2024-05-03 16:02:05 - Client login: m.savic78@gmail.com (IP: None)
2024-05-03 16:11:29 - Client login: m.savic78@gmail.com (IP: None)
2024-05-03 16:12:05 - Client login: m.savic78@gmail.com (IP: None)
2024-05-03 16:17:26 - Client login: m.savic78@gmail.com (IP: None)
2024-05-03 16:19:56 - Client login: m.savic78@gmail.com (IP: None)
2024-05-03 16:24:28 - Client login: m.savic78@gmail.com (IP: None)
2024-05-05 10:47:21 - Client login: m.savic78@gmail.com (IP: None)
2024-05-05 10:56:25 - Client login: m.savic78@gmail.com (IP: None)
2024-05-05 10:57:14 - Client login: m.savic78@gmail.com (IP: None)
2024-05-05 11:00:07 - Client login: m.savic78@gmail.com (IP: None)
2024-05-05 11:03:09 - Client login: m.savic78@gmail.com (IP: None)
2024-05-05 13:18:55 - Client login: m.savic78@gmail.com (IP: None)
2024-05-05 13:42:54 - Client login: m.savic78@gmail.com (IP: None)
2024-05-05 13:44:02 - Client login: m.savic78@gmail.com (IP: None)
2024-05-05 19:31:18 - Client login: m@g.com (IP: None)
2024-05-05 19:33:48 - Client login: m@m.com (IP: None)
2024-05-05 19:36:39 - Client login: m@m.com (IP: None)
2024-05-05 19:37:11 - Client login: m@m.com (IP: None)
2024-05-05 19:38:21 - Client login: m@m.com (IP: None)
2024-05-05 20:06:36 - Client login: admin@abtscsc.om (IP: None)
2024-05-28 05:18:55 - Client login: msavic@abtscs.com (IP: None)
2024-06-02 02:48:48 - Client login: msavic@abtscs.com (IP: None)
2024-06-02 05:52:40 - Client login: msavic@abtscs.com (IP: None)
2024-06-13 11:20:31 - Client login: m.savic78@gmail.com (IP: None)
2024-06-27 06:13:33 - Client login: as@abtscs.com (IP: None)
2024-06-27 06:14:10 - Client login: as@abtscs.com (IP: None)
2024-06-27 06:31:56 - Client login: s@abtscs.com (IP: None)
2024-06-27 06:32:42 - Client login: a@abtscs.com (IP: None)
2024-06-27 06:35:11 - Client login: a@abtscs.com (IP: None)
